Vivado Simulator v2023.1
Copyright 1986-2022 Xilinx, Inc. All Rights Reserved.
Copyright 2022-2023 Advanced Micro Devices, Inc. All Rights Reserved.
Running: C:/Xilinx/Vivado/2023.1/bin/unwrapped/win64.o/xelab.exe --incr --debug typical --relax --mt 2 -L xil_defaultlib -L uvm -L unisims_ver -L unimacro_ver -L secureip --snapshot testRISC_behav xil_defaultlib.testRISC xil_defaultlib.glbl -log elaborate.log 
Using 2 slave threads.
Starting static elaboration
Pass Through NonSizing Optimizer
Completed static elaboration
Starting simulation data flow analysis
WARNING: [XSIM 43-4100] "C:/george/carti/COMPUTER ARCHITECTURE/toyRISCsimulator/sim/toyRISCproject/toyRISCproject.sim/sim_1/behav/xsim/glbl.v" Line 6. Module glbl has a timescale but at least one module in design doesn't have timescale.
WARNING: [XSIM 43-4100] "C:/george/carti/COMPUTER ARCHITECTURE/toyRISCsimulator/sim/toyRISCproject/toyRISCproject.sim/sim_1/behav/xsim/glbl.v" Line 6. Module glbl has a timescale but at least one module in design doesn't have timescale.
Completed simulation data flow analysis
Time Resolution for simulation is 1ps
Compiling module xil_defaultlib.DCDtoyRISC
Compiling module xil_defaultlib.PCtoyRISC
Compiling module xil_defaultlib.registerFile
Compiling module xil_defaultlib.ALU
Compiling module xil_defaultlib.bigMux
Compiling module xil_defaultlib.RALUtoyRISC
Compiling module xil_defaultlib.toyRISC
Compiling module xil_defaultlib.testRISC
Compiling module xil_defaultlib.glbl
Built simulation snapshot testRISC_behav
