#-----------------------------------------------------------
# Vivado v2023.1 (64-bit)
# SW Build 3865809 on Sun May  7 15:05:29 MDT 2023
# IP Build 3864474 on Sun May  7 20:36:21 MDT 2023
# SharedData Build 3865790 on Sun May 07 13:33:03 MDT 2023
# Start of session at: Mon Jan  6 20:20:52 2025
# Process ID: 16548
# Current directory: C:/george/carti/COMPUTER ARCHITECTURE/toyRISCsimulator/sim/toyRISCproject
# Command line: vivado.exe -gui_launcher_event rodinguilauncherevent2948 C:\george\carti\COMPUTER ARCHITECTURE\toyRISCsimulator\sim\toyRISCproject\toyRISCproject.xpr
# Log file: C:/george/carti/COMPUTER ARCHITECTURE/toyRISCsimulator/sim/toyRISCproject/vivado.log
# Journal file: C:/george/carti/COMPUTER ARCHITECTURE/toyRISCsimulator/sim/toyRISCproject\vivado.jou
# Running On: DESKTOP-AFM4MLR, OS: Windows, CPU Frequency: 2112 MHz, CPU Physical cores: 4, Host memory: 17092 MB
#-----------------------------------------------------------
start_gui
open_project {C:/george/carti/COMPUTER ARCHITECTURE/toyRISCsimulator/sim/toyRISCproject/toyRISCproject.xpr}
WARNING: [Board 49-26] cannot add Board Part xilinx.com:kc705:part0:1.6 available at C:/Xilinx/Vivado/2023.1/data/xhub/boards/XilinxBoardStore/boards/Xilinx/kc705/1.6/board.xml as part xc7k325tffg900-2 specified in board_part file is either invalid or not available
WARNING: [Board 49-26] cannot add Board Part xilinx.com:kcu105:part0:1.6 available at C:/Xilinx/Vivado/2023.1/data/xhub/boards/XilinxBoardStore/boards/Xilinx/kcu105/1.6/board.xml as part xcku040-ffva1156-2-e specified in board_part file is either invalid or not available
WARNING: [Board 49-26] cannot add Board Part xilinx.com:kcu105:part0:1.7 available at C:/Xilinx/Vivado/2023.1/data/xhub/boards/XilinxBoardStore/boards/Xilinx/kcu105/1.7/board.xml as part xcku040-ffva1156-2-e specified in board_part file is either invalid or not available
WARNING: [Board 49-26] cannot add Board Part xilinx.com:kcu1500:part0:1.2 available at C:/Xilinx/Vivado/2023.1/data/xhub/boards/XilinxBoardStore/boards/Xilinx/kcu1500/1.2/board.xml as part xcku115-flvb2104-2-e specified in board_part file is either invalid or not available
WARNING: [Board 49-26] cannot add Board Part xilinx.com:vc707:part0:1.4 available at C:/Xilinx/Vivado/2023.1/data/xhub/boards/XilinxBoardStore/boards/Xilinx/vc707/1.4/board.xml as part xc7vx485tffg1761-2 specified in board_part file is either invalid or not available
WARNING: [Board 49-26] cannot add Board Part xilinx.com:vc709:part0:1.8 available at C:/Xilinx/Vivado/2023.1/data/xhub/boards/XilinxBoardStore/boards/Xilinx/vc709/1.8/board.xml as part xc7vx690tffg1761-2 specified in board_part file is either invalid or not available
WARNING: [Board 49-26] cannot add Board Part xilinx.com:vck190:part0:2.2 available at C:/Xilinx/Vivado/2023.1/data/xhub/boards/XilinxBoardStore/boards/Xilinx/vck190/production/2.2/board.xml as part xcvc1902-vsva2197-2mp-e-s specified in board_part file is either invalid or not available
WARNING: [Board 49-26] cannot add Board Part xilinx.com:vck190:part0:3.0 available at C:/Xilinx/Vivado/2023.1/data/xhub/boards/XilinxBoardStore/boards/Xilinx/vck190/production/3.0/board.xml as part xcvc1902-vsva2197-2mp-e-s specified in board_part file is either invalid or not available
WARNING: [Board 49-26] cannot add Board Part xilinx.com:vck190:part0:3.1 available at C:/Xilinx/Vivado/2023.1/data/xhub/boards/XilinxBoardStore/boards/Xilinx/vck190/production/3.1/board.xml as part xcvc1902-vsva2197-2mp-e-s specified in board_part file is either invalid or not available
WARNING: [Board 49-26] cannot add Board Part xilinx.com:vck190:part0:3.2 available at C:/Xilinx/Vivado/2023.1/data/xhub/boards/XilinxBoardStore/boards/Xilinx/vck190/production/3.2/board.xml as part xcvc1902-vsva2197-2mp-e-s specified in board_part file is either invalid or not available
WARNING: [Board 49-26] cannot add Board Part xilinx.com:vck190_newl:part0:1.0 available at C:/Xilinx/Vivado/2023.1/data/xhub/boards/XilinxBoardStore/boards/Xilinx/vck190_newl/production/1.0/board.xml as part xcvc1902-vsva2197-2mp-e-s specified in board_part file is either invalid or not available
WARNING: [Board 49-26] cannot add Board Part xilinx.com:vck190_newl:part0:1.1 available at C:/Xilinx/Vivado/2023.1/data/xhub/boards/XilinxBoardStore/boards/Xilinx/vck190_newl/production/1.1/board.xml as part xcvc1902-vsva2197-2mp-e-s specified in board_part file is either invalid or not available
WARNING: [Board 49-26] cannot add Board Part xilinx.com:vcu108:part0:1.6 available at C:/Xilinx/Vivado/2023.1/data/xhub/boards/XilinxBoardStore/boards/Xilinx/vcu108/1.6/board.xml as part xcvu095-ffva2104-2-e specified in board_part file is either invalid or not available
WARNING: [Board 49-26] cannot add Board Part xilinx.com:vcu108:part0:1.7 available at C:/Xilinx/Vivado/2023.1/data/xhub/boards/XilinxBoardStore/boards/Xilinx/vcu108/1.7/board.xml as part xcvu095-ffva2104-2-e specified in board_part file is either invalid or not available
WARNING: [Board 49-26] cannot add Board Part xilinx.com:vcu110:part0:1.4 available at C:/Xilinx/Vivado/2023.1/data/xhub/boards/XilinxBoardStore/boards/Xilinx/vcu110/1.4/board.xml as part xcvu190-flgc2104-2-e specified in board_part file is either invalid or not available
WARNING: [Board 49-26] cannot add Board Part xilinx.com:vcu118:part0:2.0 available at C:/Xilinx/Vivado/2023.1/data/xhub/boards/XilinxBoardStore/boards/Xilinx/vcu118/2.0/board.xml as part xcvu9p-flga2104-2l-e specified in board_part file is either invalid or not available
WARNING: [Board 49-26] cannot add Board Part xilinx.com:vcu118:part0:2.3 available at C:/Xilinx/Vivado/2023.1/data/xhub/boards/XilinxBoardStore/boards/Xilinx/vcu118/2.3/board.xml as part xcvu9p-flga2104-2l-e specified in board_part file is either invalid or not available
WARNING: [Board 49-26] cannot add Board Part xilinx.com:vcu118:part0:2.4 available at C:/Xilinx/Vivado/2023.1/data/xhub/boards/XilinxBoardStore/boards/Xilinx/vcu118/2.4/board.xml as part xcvu9p-flga2104-2l-e specified in board_part file is either invalid or not available
WARNING: [Board 49-26] cannot add Board Part xilinx.com:vcu129:part0:1.0 available at C:/Xilinx/Vivado/2023.1/data/xhub/boards/XilinxBoardStore/boards/Xilinx/vcu129/production/1.0/board.xml as part xcvu29p-fsga2577-2l-e specified in board_part file is either invalid or not available
WARNING: [Board 49-26] cannot add Board Part xilinx.com:vcu1525:part0:1.3 available at C:/Xilinx/Vivado/2023.1/data/xhub/boards/XilinxBoardStore/boards/Xilinx/vcu1525/1.3/board.xml as part xcvu9p-fsgd2104-2l-e specified in board_part file is either invalid or not available
WARNING: [Board 49-26] cannot add Board Part xilinx.com:vek280_es:part0:1.0 available at C:/Xilinx/Vivado/2023.1/data/xhub/boards/XilinxBoardStore/boards/Xilinx/vek280/es/rev_a/1.0/board.xml as part xcve2802-vsvh1760-2lp-e-s-es1 specified in board_part file is either invalid or not available
WARNING: [Board 49-26] cannot add Board Part xilinx.com:vek280_es:part0:1.1 available at C:/Xilinx/Vivado/2023.1/data/xhub/boards/XilinxBoardStore/boards/Xilinx/vek280/es/rev_a/1.1/board.xml as part xcve2802-vsvh1760-2lp-e-s-es1 specified in board_part file is either invalid or not available
WARNING: [Board 49-26] cannot add Board Part xilinx.com:vek280_es_revb:part0:1.0 available at C:/Xilinx/Vivado/2023.1/data/xhub/boards/XilinxBoardStore/boards/Xilinx/vek280/es/rev_b/1.0/board.xml as part xcve2802-vsvh1760-2mp-e-s-es1 specified in board_part file is either invalid or not available
WARNING: [Board 49-26] cannot add Board Part xilinx.com:vek280_es_revb:part0:1.1 available at C:/Xilinx/Vivado/2023.1/data/xhub/boards/XilinxBoardStore/boards/Xilinx/vek280/es/rev_b/1.1/board.xml as part xcve2802-vsvh1760-2mp-e-s-es1 specified in board_part file is either invalid or not available
WARNING: [Board 49-26] cannot add Board Part xilinx.com:vermeo_t1_mpsoc:part0:1.0 available at C:/Xilinx/Vivado/2023.1/data/xhub/boards/XilinxBoardStore/boards/Xilinx/vermeo_t1_mpsoc/1.0/board.xml as part xczu19eg-ffvd1760-2l-e specified in board_part file is either invalid or not available
WARNING: [Board 49-26] cannot add Board Part xilinx.com:vermeo_t1_rfsoc:part0:1.0 available at C:/Xilinx/Vivado/2023.1/data/xhub/boards/XilinxBoardStore/boards/Xilinx/vermeo_t1_rfsoc/1.0/board.xml as part xczu21dr-ffvd1156-2l-e specified in board_part file is either invalid or not available
WARNING: [Board 49-26] cannot add Board Part xilinx.com:vhk158:part0:1.0 available at C:/Xilinx/Vivado/2023.1/data/xhub/boards/XilinxBoardStore/boards/Xilinx/vhk158/production/1.0/board.xml as part xcvh1582-vsva3697-2mp-e-s specified in board_part file is either invalid or not available
WARNING: [Board 49-26] cannot add Board Part xilinx.com:vhk158_es:part0:1.0 available at C:/Xilinx/Vivado/2023.1/data/xhub/boards/XilinxBoardStore/boards/Xilinx/vhk158/es/1.0/board.xml as part xcvh1582-vsva3697-2mp-e-s-es1 specified in board_part file is either invalid or not available
WARNING: [Board 49-26] cannot add Board Part xilinx.com:vhk158_es:part0:1.1 available at C:/Xilinx/Vivado/2023.1/data/xhub/boards/XilinxBoardStore/boards/Xilinx/vhk158/es/1.1/board.xml as part xcvh1582-vsva3697-2mp-e-s-es1 specified in board_part file is either invalid or not available
WARNING: [Board 49-26] cannot add Board Part xilinx.com:vmk180:part0:2.2 available at C:/Xilinx/Vivado/2023.1/data/xhub/boards/XilinxBoardStore/boards/Xilinx/vmk180/production/2.2/board.xml as part xcvm1802-vsva2197-2mp-e-s specified in board_part file is either invalid or not available
WARNING: [Board 49-26] cannot add Board Part xilinx.com:vmk180:part0:3.0 available at C:/Xilinx/Vivado/2023.1/data/xhub/boards/XilinxBoardStore/boards/Xilinx/vmk180/production/3.0/board.xml as part xcvm1802-vsva2197-2mp-e-s specified in board_part file is either invalid or not available
WARNING: [Board 49-26] cannot add Board Part xilinx.com:vmk180:part0:3.1 available at C:/Xilinx/Vivado/2023.1/data/xhub/boards/XilinxBoardStore/boards/Xilinx/vmk180/production/3.1/board.xml as part xcvm1802-vsva2197-2mp-e-s specified in board_part file is either invalid or not available
WARNING: [Board 49-26] cannot add Board Part xilinx.com:vmk180:part0:3.2 available at C:/Xilinx/Vivado/2023.1/data/xhub/boards/XilinxBoardStore/boards/Xilinx/vmk180/production/3.2/board.xml as part xcvm1802-vsva2197-2mp-e-s specified in board_part file is either invalid or not available
WARNING: [Board 49-26] cannot add Board Part xilinx.com:vmk180_newl:part0:1.0 available at C:/Xilinx/Vivado/2023.1/data/xhub/boards/XilinxBoardStore/boards/Xilinx/vmk180_newl/production/1.0/board.xml as part xcvm1802-vsva2197-2mp-e-s specified in board_part file is either invalid or not available
WARNING: [Board 49-26] cannot add Board Part xilinx.com:vmk180_newl:part0:1.1 available at C:/Xilinx/Vivado/2023.1/data/xhub/boards/XilinxBoardStore/boards/Xilinx/vmk180_newl/production/1.1/board.xml as part xcvm1802-vsva2197-2mp-e-s specified in board_part file is either invalid or not available
WARNING: [Board 49-26] cannot add Board Part xilinx.com:vpk120:part0:1.0 available at C:/Xilinx/Vivado/2023.1/data/xhub/boards/XilinxBoardStore/boards/Xilinx/vpk120/production/1.0/board.xml as part xcvp1202-vsva2785-2mp-e-s specified in board_part file is either invalid or not available
WARNING: [Board 49-26] cannot add Board Part xilinx.com:vpk120:part0:1.1 available at C:/Xilinx/Vivado/2023.1/data/xhub/boards/XilinxBoardStore/boards/Xilinx/vpk120/production/1.1/board.xml as part xcvp1202-vsva2785-2mp-e-s specified in board_part file is either invalid or not available
WARNING: [Board 49-26] cannot add Board Part xilinx.com:vpk120_es:part0:1.2 available at C:/Xilinx/Vivado/2023.1/data/xhub/boards/XilinxBoardStore/boards/Xilinx/vpk120/es/1.2/board.xml as part xcvp1202-vsva2785-2mp-e-s-es1 specified in board_part file is either invalid or not available
WARNING: [Board 49-26] cannot add Board Part xilinx.com:vpk120_es:part0:1.3 available at C:/Xilinx/Vivado/2023.1/data/xhub/boards/XilinxBoardStore/boards/Xilinx/vpk120/es/1.3/board.xml as part xcvp1202-vsva2785-2mp-e-s-es1 specified in board_part file is either invalid or not available
WARNING: [Board 49-26] cannot add Board Part xilinx.com:vpk120_es_revb:part0:1.0 available at C:/Xilinx/Vivado/2023.1/data/xhub/boards/XilinxBoardStore/boards/Xilinx/vpk120_revb/es/1.0/board.xml as part xcvp1202-vsva2785-2mp-e-s-es1 specified in board_part file is either invalid or not available
WARNING: [Board 49-26] cannot add Board Part xilinx.com:vpk120_es_revb:part0:1.1 available at C:/Xilinx/Vivado/2023.1/data/xhub/boards/XilinxBoardStore/boards/Xilinx/vpk120_revb/es/1.1/board.xml as part xcvp1202-vsva2785-2mp-e-s-es1 specified in board_part file is either invalid or not available
WARNING: [Board 49-26] cannot add Board Part xilinx.com:vpk180:part0:1.0 available at C:/Xilinx/Vivado/2023.1/data/xhub/boards/XilinxBoardStore/boards/Xilinx/vpk180/production/1.0/board.xml as part xcvp1802-lsvc4072-2mp-e-s specified in board_part file is either invalid or not available
WARNING: [Board 49-26] cannot add Board Part xilinx.com:vpk180:part0:1.1 available at C:/Xilinx/Vivado/2023.1/data/xhub/boards/XilinxBoardStore/boards/Xilinx/vpk180/production/1.1/board.xml as part xcvp1802-lsvc4072-2mp-e-s specified in board_part file is either invalid or not available
WARNING: [Board 49-26] cannot add Board Part xilinx.com:vpk180_es:part0:1.0 available at C:/Xilinx/Vivado/2023.1/data/xhub/boards/XilinxBoardStore/boards/Xilinx/vpk180/es/1.0/board.xml as part xcvp1802-lsvc4072-2mp-e-s-es1 specified in board_part file is either invalid or not available
WARNING: [Board 49-26] cannot add Board Part xilinx.com:vpk180_es:part0:1.1 available at C:/Xilinx/Vivado/2023.1/data/xhub/boards/XilinxBoardStore/boards/Xilinx/vpk180/es/1.1/board.xml as part xcvp1802-lsvc4072-2mp-e-s-es1 specified in board_part file is either invalid or not available
WARNING: [Board 49-26] cannot add Board Part xilinx.com:zc706:part0:1.4 available at C:/Xilinx/Vivado/2023.1/data/xhub/boards/XilinxBoardStore/boards/Xilinx/zc706/1.4/board.xml as part xc7z045ffg900-2 specified in board_part file is either invalid or not available
WARNING: [Board 49-26] cannot add Board Part xilinx.com:zcu102:part0:3.3 available at C:/Xilinx/Vivado/2023.1/data/xhub/boards/XilinxBoardStore/boards/Xilinx/zcu102/3.3/board.xml as part xczu9eg-ffvb1156-2-e specified in board_part file is either invalid or not available
WARNING: [Board 49-26] cannot add Board Part xilinx.com:zcu102:part0:3.4 available at C:/Xilinx/Vivado/2023.1/data/xhub/boards/XilinxBoardStore/boards/Xilinx/zcu102/3.4/board.xml as part xczu9eg-ffvb1156-2-e specified in board_part file is either invalid or not available
WARNING: [Board 49-26] cannot add Board Part xilinx.com:zcu111:part0:1.2 available at C:/Xilinx/Vivado/2023.1/data/xhub/boards/XilinxBoardStore/boards/Xilinx/zcu111/1.2/board.xml as part xczu28dr-ffvg1517-2-e specified in board_part file is either invalid or not available
WARNING: [Board 49-26] cannot add Board Part xilinx.com:zcu111:part0:1.3 available at C:/Xilinx/Vivado/2023.1/data/xhub/boards/XilinxBoardStore/boards/Xilinx/zcu111/1.3/board.xml as part xczu28dr-ffvg1517-2-e specified in board_part file is either invalid or not available
WARNING: [Board 49-26] cannot add Board Part xilinx.com:zcu111:part0:1.4 available at C:/Xilinx/Vivado/2023.1/data/xhub/boards/XilinxBoardStore/boards/Xilinx/zcu111/1.4/board.xml as part xczu28dr-ffvg1517-2-e specified in board_part file is either invalid or not available
WARNING: [Board 49-26] cannot add Board Part xilinx.com:zcu1275:part0:1.0 available at C:/Xilinx/Vivado/2023.1/data/xhub/boards/XilinxBoardStore/boards/Xilinx/zcu1275/1.0/board.xml as part xczu29dr-ffvf1760-2-e specified in board_part file is either invalid or not available
WARNING: [Board 49-26] cannot add Board Part xilinx.com:zcu1285:part0:1.0 available at C:/Xilinx/Vivado/2023.1/data/xhub/boards/XilinxBoardStore/boards/Xilinx/zcu1285/1.0/board.xml as part xczu39dr-ffvf1760-2-i specified in board_part file is either invalid or not available
WARNING: [Board 49-26] cannot add Board Part xilinx.com:zcu208:part0:2.0 available at C:/Xilinx/Vivado/2023.1/data/xhub/boards/XilinxBoardStore/boards/Xilinx/zcu208/production/2.0/board.xml as part xczu48dr-fsvg1517-2-e specified in board_part file is either invalid or not available
WARNING: [Board 49-26] cannot add Board Part xilinx.com:zcu208ld:part0:2.0 available at C:/Xilinx/Vivado/2023.1/data/xhub/boards/XilinxBoardStore/boards/Xilinx/zcu208ld/production/2.0/board.xml as part xczu58dr-fsvg1517-2-i specified in board_part file is either invalid or not available
WARNING: [Board 49-26] cannot add Board Part xilinx.com:zcu216:part0:2.0 available at C:/Xilinx/Vivado/2023.1/data/xhub/boards/XilinxBoardStore/boards/Xilinx/zcu216/production/2.0/board.xml as part xczu49dr-ffvf1760-2-e specified in board_part file is either invalid or not available
WARNING: [Board 49-26] cannot add Board Part xilinx.com:zcu216ld:part0:2.0 available at C:/Xilinx/Vivado/2023.1/data/xhub/boards/XilinxBoardStore/boards/Xilinx/zcu216ld/production/2.0/board.xml as part xczu59dr-ffvf1760-2-i specified in board_part file is either invalid or not available
WARNING: [Board 49-26] cannot add Board Part xilinx.com:zcu670:part0:2.0 available at C:/Xilinx/Vivado/2023.1/data/xhub/boards/XilinxBoardStore/boards/Xilinx/zcu670/2.0/board.xml as part xczu67dr-fsve1156-2-i specified in board_part file is either invalid or not available
WARNING: [Board 49-26] cannot add Board Part xilinx.com:zcu670ld:part0:1.0 available at C:/Xilinx/Vivado/2023.1/data/xhub/boards/XilinxBoardStore/boards/Xilinx/zcu670ld/1.0/board.xml as part xczu57dr-fsve1156-2-i specified in board_part file is either invalid or not available
INFO: [filemgmt 56-3] Default IP Output Path : Could not find the directory 'C:/george/carti/COMPUTER ARCHITECTURE/toyRISCsimulator/sim/toyRISCproject/toyRISCproject.gen/sources_1'.
Scanning sources...
Finished scanning sources
INFO: [Project 1-230] Project 'toyRISCproject.xpr' upgraded for this version of Vivado.
INFO: [IP_Flow 19-234] Refreshing IP repositories
INFO: [IP_Flow 19-1704] No user IP repositories specified
INFO: [IP_Flow 19-2313] Loaded Vivado IP repository 'C:/Xilinx/Vivado/2023.1/data/ip'.
open_project: Time (s): cpu = 00:00:24 ; elapsed = 00:00:13 . Memory (MB): peak = 1435.062 ; gain = 283.602
update_compile_order -fileset sources_1
launch_simulation
Command: launch_simulation 
INFO: [Vivado 12-12493] Simulation top is 'testRISC'
WARNING: [Vivado 12-13340] Unable to auto find GCC executables from simulator install path! (path not set)
INFO: [Vivado 12-5682] Launching behavioral simulation in 'C:/george/carti/COMPUTER ARCHITECTURE/toyRISCsimulator/sim/toyRISCproject/toyRISCproject.sim/sim_1/behav/xsim'
INFO: [SIM-utils-51] Simulation object is 'sim_1'
INFO: [SIM-utils-72] Using boost library from 'C:/Xilinx/Vivado/2023.1/tps/boost_1_72_0'
INFO: [SIM-utils-54] Inspecting design source files for 'testRISC' in fileset 'sim_1'...
INFO: [USF-XSim-97] Finding global include files...
INFO: [USF-XSim-98] Fetching design files from 'sim_1'...
INFO: [USF-XSim-2] XSim::Compile design
INFO: [USF-XSim-61] Executing 'COMPILE and ANALYZE' step in 'C:/george/carti/COMPUTER ARCHITECTURE/toyRISCsimulator/sim/toyRISCproject/toyRISCproject.sim/sim_1/behav/xsim'
"xvlog --incr --relax -L uvm -prj testRISC_vlog.prj"
ECHO is off.
ECHO is off.
INFO: [VRFC 10-2263] Analyzing SystemVerilog file "C:/george/carti/COMPUTER ARCHITECTURE/toyRISCsimulator/ALU.sv" into library xil_defaultlib
INFO: [VRFC 10-311] analyzing module ALU
INFO: [VRFC 10-2263] Analyzing SystemVerilog file "C:/george/carti/COMPUTER ARCHITECTURE/toyRISCsimulator/DCDtoyRISC.sv" into library xil_defaultlib
INFO: [VRFC 10-311] analyzing module DCDtoyRISC
INFO: [VRFC 10-2263] Analyzing SystemVerilog file "C:/george/carti/COMPUTER ARCHITECTURE/toyRISCsimulator/PCtoyRISC.sv" into library xil_defaultlib
INFO: [VRFC 10-311] analyzing module PCtoyRISC
INFO: [VRFC 10-2263] Analyzing SystemVerilog file "C:/george/carti/COMPUTER ARCHITECTURE/toyRISCsimulator/RALUtoyRISC.sv" into library xil_defaultlib
INFO: [VRFC 10-311] analyzing module RALUtoyRISC
INFO: [VRFC 10-2263] Analyzing SystemVerilog file "C:/george/carti/COMPUTER ARCHITECTURE/toyRISCsimulator/bigMux.sv" into library xil_defaultlib
INFO: [VRFC 10-311] analyzing module bigMux
INFO: [VRFC 10-2263] Analyzing SystemVerilog file "C:/george/carti/COMPUTER ARCHITECTURE/toyRISCsimulator/registerFile.sv" into library xil_defaultlib
INFO: [VRFC 10-311] analyzing module registerFile
INFO: [VRFC 10-2263] Analyzing SystemVerilog file "C:/george/carti/COMPUTER ARCHITECTURE/toyRISCsimulator/toyRISC.sv" into library xil_defaultlib
INFO: [VRFC 10-311] analyzing module toyRISC
INFO: [VRFC 10-2263] Analyzing SystemVerilog file "C:/george/carti/COMPUTER ARCHITECTURE/toyRISCsimulator/testRISC.sv" into library xil_defaultlib
INFO: [VRFC 10-311] analyzing module testRISC
WARNING: [VRFC 10-3380] identifier 'progMemory' is used before its declaration [C:/george/carti/COMPUTER ARCHITECTURE/toyRISCsimulator/testRISC.sv:22]
INFO: [VRFC 10-2263] Analyzing Verilog file "C:/george/carti/COMPUTER ARCHITECTURE/toyRISCsimulator/sim/toyRISCproject/toyRISCproject.sim/sim_1/behav/xsim/glbl.v" into library xil_defaultlib
INFO: [VRFC 10-311] analyzing module glbl
INFO: [USF-XSim-69] 'compile' step finished in '2' seconds
INFO: [USF-XSim-3] XSim::Elaborate design
INFO: [USF-XSim-61] Executing 'ELABORATE' step in 'C:/george/carti/COMPUTER ARCHITECTURE/toyRISCsimulator/sim/toyRISCproject/toyRISCproject.sim/sim_1/behav/xsim'
"xelab --incr --debug typical --relax --mt 2 -L xil_defaultlib -L uvm -L unisims_ver -L unimacro_ver -L secureip --snapshot testRISC_behav xil_defaultlib.testRISC xil_defaultlib.glbl -log elaborate.log"
ECHO is off.
ECHO is off.
Vivado Simulator v2023.1
Copyright 1986-2022 Xilinx, Inc. All Rights Reserved.
Copyright 2022-2023 Advanced Micro Devices, Inc. All Rights Reserved.
Running: C:/Xilinx/Vivado/2023.1/bin/unwrapped/win64.o/xelab.exe --incr --debug typical --relax --mt 2 -L xil_defaultlib -L uvm -L unisims_ver -L unimacro_ver -L secureip --snapshot testRISC_behav xil_defaultlib.testRISC xil_defaultlib.glbl -log elaborate.log 
Using 2 slave threads.
Starting static elaboration
Pass Through NonSizing Optimizer
Completed static elaboration
Starting simulation data flow analysis
WARNING: [XSIM 43-4100] "C:/george/carti/COMPUTER ARCHITECTURE/toyRISCsimulator/sim/toyRISCproject/toyRISCproject.sim/sim_1/behav/xsim/glbl.v" Line 6. Module glbl has a timescale but at least one module in design doesn't have timescale.
WARNING: [XSIM 43-4100] "C:/george/carti/COMPUTER ARCHITECTURE/toyRISCsimulator/sim/toyRISCproject/toyRISCproject.sim/sim_1/behav/xsim/glbl.v" Line 6. Module glbl has a timescale but at least one module in design doesn't have timescale.
Completed simulation data flow analysis
Time Resolution for simulation is 1ps
Compiling module xil_defaultlib.DCDtoyRISC
Compiling module xil_defaultlib.PCtoyRISC
Compiling module xil_defaultlib.registerFile
Compiling module xil_defaultlib.ALU
Compiling module xil_defaultlib.bigMux
Compiling module xil_defaultlib.RALUtoyRISC
Compiling module xil_defaultlib.toyRISC
Compiling module xil_defaultlib.testRISC
Compiling module xil_defaultlib.glbl
Built simulation snapshot testRISC_behav
INFO: [USF-XSim-69] 'elaborate' step finished in '5' seconds
INFO: [USF-XSim-4] XSim::Simulate design
INFO: [USF-XSim-61] Executing 'SIMULATE' step in 'C:/george/carti/COMPUTER ARCHITECTURE/toyRISCsimulator/sim/toyRISCproject/toyRISCproject.sim/sim_1/behav/xsim'
INFO: [USF-XSim-98] *** Running xsim
   with args "testRISC_behav -key {Behavioral:sim_1:Functional:testRISC} -tclbatch {testRISC.tcl} -log {simulate.log}"
INFO: [USF-XSim-8] Loading simulator feature
Time resolution is 1 ps
source testRISC.tcl
# set curr_wave [current_wave_config]
# if { [string length $curr_wave] == 0 } {
#   if { [llength [get_objects]] > 0} {
#     add_wave /
#     set_property needs_save false [current_wave_config]
#   } else {
#      send_msg_id Add_Wave-1 WARNING "No top level signals found. Simulator will start without a wave window. If you want to open a wave window go to 'File->New Waveform Configuration' or type 'create_wave_config' in the TCL console."
#   }
# }
# run 1000ns
progMemory[0] 	 = 01011111111000000000000000001010
progMemory[1] 	 = 01011100010000000000000000010111
progMemory[2] 	 = 01011100000000000000000000001101
progMemory[3] 	 = 00100000000000000000000000000000
progMemory[4] 	 = 11001000000000000000000000000010
progMemory[5] 	 = 11001000000000000000000000000000
progMemory[6] 	 = 11001000000000000000000000000100
progMemory[7] 	 = 00011000000000000000000000000000
progMemory[8] 	 = 11001000000000000000000000000000
progMemory[9] 	 = 11001000000000000000000000000000
progMemory[10] 	 = 00100100000000000000000000000000
progMemory[11] 	 = 01011100011000000000000000101100
progMemory[12] 	 = 00010100000111100000000000000000
progMemory[13] 	 = xxxxxxxxxxxxxxxxxxxxxxxxxxxxxxxx
progMemory[14] 	 = xxxxxxxxxxxxxxxxxxxxxxxxxxxxxxxx
progMemory[15] 	 = xxxxxxxxxxxxxxxxxxxxxxxxxxxxxxxx
t=0 pc=   x  RF=[x, x, x, x] ei=x inta=x
t=1 pc=1023  RF=[x, x, x, x] ei=0 inta=0
t=5 pc=   0  RF=[x, x, x, x] ei=0 inta=0
t=7 pc=   1  RF=[x, x, x, x] ei=0 inta=0
t=9 pc=   2  RF=[x, x, 23, x] ei=0 inta=0
t=11 pc=   3  RF=[13, x, 23, x] ei=0 inta=0
t=13 pc=   4  RF=[13, x, 23, x] ei=1 inta=1
t=15 pc=  10  RF=[13, x, 23, x] ei=0 inta=0
t=17 pc=  11  RF=[13, x, 23, x] ei=0 inta=0
t=19 pc=  12  RF=[13, x, 23, 44] ei=0 inta=0
t=21 pc=   4  RF=[13, x, 23, 44] ei=0 inta=0
t=23 pc=   5  RF=[15, x, 23, 44] ei=0 inta=0
t=25 pc=   6  RF=[15, x, 23, 44] ei=0 inta=0
t=27 pc=   7  RF=[19, x, 23, 44] ei=0 inta=0
$finish called at time : 44 ns : File "C:/george/carti/COMPUTER ARCHITECTURE/toyRISCsimulator/testRISC.sv" Line 24
INFO: [USF-XSim-96] XSim completed. Design snapshot 'testRISC_behav' loaded.
INFO: [USF-XSim-97] XSim simulation ran for 1000ns
launch_simulation: Time (s): cpu = 00:00:12 ; elapsed = 00:00:12 . Memory (MB): peak = 1496.410 ; gain = 28.496
close_sim
INFO: [Simtcl 6-16] Simulation closed
launch_simulation
Command: launch_simulation 
INFO: [Vivado 12-12493] Simulation top is 'testRISC'
WARNING: [Vivado 12-13340] Unable to auto find GCC executables from simulator install path! (path not set)
INFO: [Vivado 12-5682] Launching behavioral simulation in 'C:/george/carti/COMPUTER ARCHITECTURE/toyRISCsimulator/sim/toyRISCproject/toyRISCproject.sim/sim_1/behav/xsim'
INFO: [SIM-utils-51] Simulation object is 'sim_1'
INFO: [SIM-utils-72] Using boost library from 'C:/Xilinx/Vivado/2023.1/tps/boost_1_72_0'
INFO: [SIM-utils-54] Inspecting design source files for 'testRISC' in fileset 'sim_1'...
INFO: [USF-XSim-97] Finding global include files...
INFO: [USF-XSim-98] Fetching design files from 'sim_1'...
INFO: [USF-XSim-2] XSim::Compile design
INFO: [USF-XSim-61] Executing 'COMPILE and ANALYZE' step in 'C:/george/carti/COMPUTER ARCHITECTURE/toyRISCsimulator/sim/toyRISCproject/toyRISCproject.sim/sim_1/behav/xsim'
"xvlog --incr --relax -L uvm -prj testRISC_vlog.prj"
ECHO is off.
ECHO is off.
INFO: [VRFC 10-2263] Analyzing SystemVerilog file "C:/george/carti/COMPUTER ARCHITECTURE/toyRISCsimulator/ALU.sv" into library xil_defaultlib
INFO: [VRFC 10-311] analyzing module ALU
INFO: [VRFC 10-2263] Analyzing SystemVerilog file "C:/george/carti/COMPUTER ARCHITECTURE/toyRISCsimulator/DCDtoyRISC.sv" into library xil_defaultlib
INFO: [VRFC 10-311] analyzing module DCDtoyRISC
INFO: [VRFC 10-2263] Analyzing SystemVerilog file "C:/george/carti/COMPUTER ARCHITECTURE/toyRISCsimulator/PCtoyRISC.sv" into library xil_defaultlib
INFO: [VRFC 10-311] analyzing module PCtoyRISC
INFO: [VRFC 10-2263] Analyzing SystemVerilog file "C:/george/carti/COMPUTER ARCHITECTURE/toyRISCsimulator/RALUtoyRISC.sv" into library xil_defaultlib
INFO: [VRFC 10-311] analyzing module RALUtoyRISC
INFO: [VRFC 10-2263] Analyzing SystemVerilog file "C:/george/carti/COMPUTER ARCHITECTURE/toyRISCsimulator/bigMux.sv" into library xil_defaultlib
INFO: [VRFC 10-311] analyzing module bigMux
INFO: [VRFC 10-2263] Analyzing SystemVerilog file "C:/george/carti/COMPUTER ARCHITECTURE/toyRISCsimulator/registerFile.sv" into library xil_defaultlib
INFO: [VRFC 10-311] analyzing module registerFile
INFO: [VRFC 10-2263] Analyzing SystemVerilog file "C:/george/carti/COMPUTER ARCHITECTURE/toyRISCsimulator/toyRISC.sv" into library xil_defaultlib
INFO: [VRFC 10-311] analyzing module toyRISC
INFO: [VRFC 10-2263] Analyzing SystemVerilog file "C:/george/carti/COMPUTER ARCHITECTURE/toyRISCsimulator/testRISC.sv" into library xil_defaultlib
INFO: [VRFC 10-311] analyzing module testRISC
WARNING: [VRFC 10-3380] identifier 'progMemory' is used before its declaration [C:/george/carti/COMPUTER ARCHITECTURE/toyRISCsimulator/testRISC.sv:22]
INFO: [USF-XSim-69] 'compile' step finished in '2' seconds
INFO: [USF-XSim-3] XSim::Elaborate design
INFO: [USF-XSim-61] Executing 'ELABORATE' step in 'C:/george/carti/COMPUTER ARCHITECTURE/toyRISCsimulator/sim/toyRISCproject/toyRISCproject.sim/sim_1/behav/xsim'
"xelab --incr --debug typical --relax --mt 2 -L xil_defaultlib -L uvm -L unisims_ver -L unimacro_ver -L secureip --snapshot testRISC_behav xil_defaultlib.testRISC xil_defaultlib.glbl -log elaborate.log"
ECHO is off.
ECHO is off.
Vivado Simulator v2023.1
Copyright 1986-2022 Xilinx, Inc. All Rights Reserved.
Copyright 2022-2023 Advanced Micro Devices, Inc. All Rights Reserved.
Running: C:/Xilinx/Vivado/2023.1/bin/unwrapped/win64.o/xelab.exe --incr --debug typical --relax --mt 2 -L xil_defaultlib -L uvm -L unisims_ver -L unimacro_ver -L secureip --snapshot testRISC_behav xil_defaultlib.testRISC xil_defaultlib.glbl -log elaborate.log 
Using 2 slave threads.
Starting static elaboration
Pass Through NonSizing Optimizer
Completed static elaboration
Starting simulation data flow analysis
WARNING: [XSIM 43-4100] "C:/george/carti/COMPUTER ARCHITECTURE/toyRISCsimulator/sim/toyRISCproject/toyRISCproject.sim/sim_1/behav/xsim/glbl.v" Line 6. Module glbl has a timescale but at least one module in design doesn't have timescale.
WARNING: [XSIM 43-4100] "C:/george/carti/COMPUTER ARCHITECTURE/toyRISCsimulator/sim/toyRISCproject/toyRISCproject.sim/sim_1/behav/xsim/glbl.v" Line 6. Module glbl has a timescale but at least one module in design doesn't have timescale.
Completed simulation data flow analysis
Time Resolution for simulation is 1ps
Compiling module xil_defaultlib.DCDtoyRISC
Compiling module xil_defaultlib.PCtoyRISC
Compiling module xil_defaultlib.registerFile
Compiling module xil_defaultlib.ALU
Compiling module xil_defaultlib.bigMux
Compiling module xil_defaultlib.RALUtoyRISC
Compiling module xil_defaultlib.toyRISC
Compiling module xil_defaultlib.testRISC
Compiling module xil_defaultlib.glbl
Built simulation snapshot testRISC_behav
INFO: [USF-XSim-69] 'elaborate' step finished in '3' seconds
INFO: [USF-XSim-4] XSim::Simulate design
INFO: [USF-XSim-61] Executing 'SIMULATE' step in 'C:/george/carti/COMPUTER ARCHITECTURE/toyRISCsimulator/sim/toyRISCproject/toyRISCproject.sim/sim_1/behav/xsim'
INFO: [USF-XSim-98] *** Running xsim
   with args "testRISC_behav -key {Behavioral:sim_1:Functional:testRISC} -tclbatch {testRISC.tcl} -log {simulate.log}"
INFO: [USF-XSim-8] Loading simulator feature
Time resolution is 1 ps
source testRISC.tcl
# set curr_wave [current_wave_config]
# if { [string length $curr_wave] == 0 } {
#   if { [llength [get_objects]] > 0} {
#     add_wave /
#     set_property needs_save false [current_wave_config]
#   } else {
#      send_msg_id Add_Wave-1 WARNING "No top level signals found. Simulator will start without a wave window. If you want to open a wave window go to 'File->New Waveform Configuration' or type 'create_wave_config' in the TCL console."
#   }
# }
# run 1000ns
progMemory[0] 	 = 11001000000000000000000000000000
progMemory[1] 	 = 01011100000000000000000000000001
progMemory[2] 	 = 01011100001000000000000000000010
progMemory[3] 	 = 01011100010000000000000000000011
progMemory[4] 	 = 01011100011000000000000000000100
progMemory[5] 	 = 01011100100000000000000000000101
progMemory[6] 	 = 11000000000000000000100000000000
progMemory[7] 	 = 11000000000000000001000000000000
progMemory[8] 	 = 11000000000000000001100000000000
progMemory[9] 	 = 11000000000000000010000000000000
progMemory[10] 	 = 00011000000000000000000000000000
progMemory[11] 	 = xxxxxxxxxxxxxxxxxxxxxxxxxxxxxxxx
progMemory[12] 	 = xxxxxxxxxxxxxxxxxxxxxxxxxxxxxxxx
progMemory[13] 	 = xxxxxxxxxxxxxxxxxxxxxxxxxxxxxxxx
progMemory[14] 	 = xxxxxxxxxxxxxxxxxxxxxxxxxxxxxxxx
progMemory[15] 	 = xxxxxxxxxxxxxxxxxxxxxxxxxxxxxxxx
t=0 pc=   x  RF=[x, x, x, x] ei=x inta=x
t=1 pc=1023  RF=[x, x, x, x] ei=0 inta=0
t=5 pc=   0  RF=[x, x, x, x] ei=0 inta=0
t=7 pc=   1  RF=[x, x, x, x] ei=0 inta=0
t=9 pc=   2  RF=[1, x, x, x] ei=0 inta=0
t=11 pc=   3  RF=[1, 2, x, x] ei=0 inta=0
t=13 pc=   4  RF=[1, 2, 3, x] ei=0 inta=0
t=15 pc=   5  RF=[1, 2, 3, 4] ei=0 inta=0
t=17 pc=   6  RF=[1, 2, 3, 4] ei=0 inta=0
t=19 pc=   7  RF=[3, 2, 3, 4] ei=0 inta=0
t=21 pc=   8  RF=[6, 2, 3, 4] ei=0 inta=0
t=23 pc=   9  RF=[10, 2, 3, 4] ei=0 inta=0
t=25 pc=  10  RF=[15, 2, 3, 4] ei=0 inta=0
$finish called at time : 44 ns : File "C:/george/carti/COMPUTER ARCHITECTURE/toyRISCsimulator/testRISC.sv" Line 24
INFO: [USF-XSim-96] XSim completed. Design snapshot 'testRISC_behav' loaded.
INFO: [USF-XSim-97] XSim simulation ran for 1000ns
launch_simulation: Time (s): cpu = 00:00:06 ; elapsed = 00:00:08 . Memory (MB): peak = 1500.680 ; gain = 0.340
set_property top toyRISC [current_fileset]
update_compile_order -fileset sources_1
synth_design -rtl -rtl_skip_mlo -name rtl_1
Command: synth_design -rtl -rtl_skip_mlo -name rtl_1
Starting synth_design
Using part: xc7a50tftg256-2L
Top: toyRISC
INFO: [Device 21-403] Loading part xc7a50tftg256-2L
---------------------------------------------------------------------------------
Starting RTL Elaboration : Time (s): cpu = 00:00:07 ; elapsed = 00:00:08 . Memory (MB): peak = 2271.285 ; gain = 392.672
---------------------------------------------------------------------------------
INFO: [Synth 8-6157] synthesizing module 'toyRISC' [C:/george/carti/COMPUTER ARCHITECTURE/toyRISCsimulator/toyRISC.sv:6]
INFO: [Synth 8-6157] synthesizing module 'DCDtoyRISC' [C:/george/carti/COMPUTER ARCHITECTURE/toyRISCsimulator/DCDtoyRISC.sv:6]
INFO: [Synth 8-6155] done synthesizing module 'DCDtoyRISC' (0#1) [C:/george/carti/COMPUTER ARCHITECTURE/toyRISCsimulator/DCDtoyRISC.sv:6]
INFO: [Synth 8-6157] synthesizing module 'PCtoyRISC' [C:/george/carti/COMPUTER ARCHITECTURE/toyRISCsimulator/PCtoyRISC.sv:6]
INFO: [Synth 8-6155] done synthesizing module 'PCtoyRISC' (0#1) [C:/george/carti/COMPUTER ARCHITECTURE/toyRISCsimulator/PCtoyRISC.sv:6]
INFO: [Synth 8-6157] synthesizing module 'RALUtoyRISC' [C:/george/carti/COMPUTER ARCHITECTURE/toyRISCsimulator/RALUtoyRISC.sv:55]
INFO: [Synth 8-6157] synthesizing module 'registerFile' [C:/george/carti/COMPUTER ARCHITECTURE/toyRISCsimulator/registerFile.sv:2]
INFO: [Synth 8-6155] done synthesizing module 'registerFile' (0#1) [C:/george/carti/COMPUTER ARCHITECTURE/toyRISCsimulator/registerFile.sv:2]
INFO: [Synth 8-6157] synthesizing module 'ALU' [C:/george/carti/COMPUTER ARCHITECTURE/toyRISCsimulator/ALU.sv:2]
INFO: [Synth 8-6155] done synthesizing module 'ALU' (0#1) [C:/george/carti/COMPUTER ARCHITECTURE/toyRISCsimulator/ALU.sv:2]
INFO: [Synth 8-6157] synthesizing module 'bigMux' [C:/george/carti/COMPUTER ARCHITECTURE/toyRISCsimulator/bigMux.sv:2]
INFO: [Synth 8-6155] done synthesizing module 'bigMux' (0#1) [C:/george/carti/COMPUTER ARCHITECTURE/toyRISCsimulator/bigMux.sv:2]
INFO: [Synth 8-6155] done synthesizing module 'RALUtoyRISC' (0#1) [C:/george/carti/COMPUTER ARCHITECTURE/toyRISCsimulator/RALUtoyRISC.sv:55]
INFO: [Synth 8-6155] done synthesizing module 'toyRISC' (0#1) [C:/george/carti/COMPUTER ARCHITECTURE/toyRISCsimulator/toyRISC.sv:6]
WARNING: [Synth 8-7129] Port opCode[3] in module bigMux is either unconnected or has no load
WARNING: [Synth 8-7129] Port opCode[2] in module bigMux is either unconnected or has no load
WARNING: [Synth 8-7129] Port opCode[1] in module bigMux is either unconnected or has no load
WARNING: [Synth 8-7129] Port opCode[0] in module bigMux is either unconnected or has no load
---------------------------------------------------------------------------------
Finished RTL Elaboration : Time (s): cpu = 00:00:11 ; elapsed = 00:00:11 . Memory (MB): peak = 2393.891 ; gain = 515.277
---------------------------------------------------------------------------------
---------------------------------------------------------------------------------
Start Handling Custom Attributes
---------------------------------------------------------------------------------
---------------------------------------------------------------------------------
Finished Handling Custom Attributes : Time (s): cpu = 00:00:11 ; elapsed = 00:00:11 . Memory (MB): peak = 2393.891 ; gain = 515.277
---------------------------------------------------------------------------------
---------------------------------------------------------------------------------
Finished RTL Optimization Phase 1 : Time (s): cpu = 00:00:11 ; elapsed = 00:00:11 . Memory (MB): peak = 2393.891 ; gain = 515.277
---------------------------------------------------------------------------------
Netlist sorting complete. Time (s): cpu = 00:00:00 ; elapsed = 00:00:00.019 . Memory (MB): peak = 2393.891 ; gain = 0.000
INFO: [Project 1-570] Preparing netlist for logic optimization

Processing XDC Constraints
Initializing timing engine
Completed Processing XDC Constraints

Netlist sorting complete. Time (s): cpu = 00:00:00 ; elapsed = 00:00:00 . Memory (MB): peak = 2455.070 ; gain = 0.000
INFO: [Project 1-111] Unisim Transformation Summary:
No Unisim elements were transformed.

RTL Elaboration Complete:  : Time (s): cpu = 00:00:24 ; elapsed = 00:00:18 . Memory (MB): peak = 2481.000 ; gain = 602.387
17 Infos, 4 Warnings, 0 Critical Warnings and 0 Errors encountered.
synth_design completed successfully
synth_design: Time (s): cpu = 00:00:30 ; elapsed = 00:00:39 . Memory (MB): peak = 2481.000 ; gain = 956.270
