
*** Running vivado
    with args -log elementaryProcessor.vds -m64 -product Vivado -mode batch -messageDb vivado.pb -notrace -source elementaryProcessor.tcl


ECHO is off.
ECHO is off.

****** Vivado v2023.1 (64-bit)
  **** SW Build 3865809 on Sun May  7 15:05:29 MDT 2023
  **** IP Build 3864474 on Sun May  7 20:36:21 MDT 2023
  **** SharedData Build 3865790 on Sun May 07 13:33:03 MDT 2023
    ** Copyright 1986-2022 Xilinx, Inc. All Rights Reserved.
    ** Copyright 2022-2023 Advanced Micro Devices, Inc. All Rights Reserved.

source elementaryProcessor.tcl -notrace
create_project: Time (s): cpu = 00:00:08 ; elapsed = 00:00:12 . Memory (MB): peak = 448.312 ; gain = 163.922
Command: synth_design -top elementaryProcessor -part xc7a50tiftg256-1L
Starting synth_design
Attempting to get a license for feature 'Synthesis' and/or device 'xc7a50ti'
INFO: [Common 17-349] Got license for feature 'Synthesis' and/or device 'xc7a50ti'
INFO: [Synth 8-7079] Multithreading enabled for synth_design using a maximum of 2 processes.
INFO: [Synth 8-7078] Launching helper process for spawning children vivado processes
INFO: [Synth 8-7075] Helper process launched with PID 7988
WARNING: [Synth 8-11121] redeclaration of ANSI port 'clock' is not allowed [C:/george/carti/COMPUTER_ARCHITECTURE_NEXT/PE/1_elementaryProcessor.sv:26]
---------------------------------------------------------------------------------
Starting Synthesize : Time (s): cpu = 00:00:07 ; elapsed = 00:00:07 . Memory (MB): peak = 887.719 ; gain = 415.527
---------------------------------------------------------------------------------
INFO: [Synth 8-6157] synthesizing module 'elementaryProcessor' [C:/george/carti/COMPUTER_ARCHITECTURE_NEXT/PE/1_elementaryProcessor.sv:1]
INFO: [Synth 8-6157] synthesizing module 'RALU' [C:/george/carti/COMPUTER_ARCHITECTURE_NEXT/PE/2_RALU.sv:2]
INFO: [Synth 8-6157] synthesizing module 'regFile' [C:/george/carti/COMPUTER_ARCHITECTURE_NEXT/PE/3_regFile.sv:7]
INFO: [Synth 8-6155] done synthesizing module 'regFile' (0#1) [C:/george/carti/COMPUTER_ARCHITECTURE_NEXT/PE/3_regFile.sv:7]
INFO: [Synth 8-6157] synthesizing module 'ALU' [C:/george/carti/COMPUTER_ARCHITECTURE_NEXT/PE/3_ALU.sv:8]
INFO: [Synth 8-6155] done synthesizing module 'ALU' (0#1) [C:/george/carti/COMPUTER_ARCHITECTURE_NEXT/PE/3_ALU.sv:8]
INFO: [Synth 8-6155] done synthesizing module 'RALU' (0#1) [C:/george/carti/COMPUTER_ARCHITECTURE_NEXT/PE/2_RALU.sv:2]
INFO: [Synth 8-6157] synthesizing module 'CROM' [C:/george/carti/COMPUTER_ARCHITECTURE_NEXT/PE/2_CROM.sv:1]
INFO: [Synth 8-6157] synthesizing module 'ROM' [C:/george/carti/COMPUTER_ARCHITECTURE_NEXT/PE/3_ROM.sv:1]
INFO: [Synth 8-6155] done synthesizing module 'ROM' (0#1) [C:/george/carti/COMPUTER_ARCHITECTURE_NEXT/PE/3_ROM.sv:1]
INFO: [Synth 8-6155] done synthesizing module 'CROM' (0#1) [C:/george/carti/COMPUTER_ARCHITECTURE_NEXT/PE/2_CROM.sv:1]
INFO: [Synth 8-6155] done synthesizing module 'elementaryProcessor' (0#1) [C:/george/carti/COMPUTER_ARCHITECTURE_NEXT/PE/1_elementaryProcessor.sv:1]
WARNING: [Synth 8-4767] Trying to implement RAM ' ' in registers. Block RAM or DRAM implementation is not possible; see log for reasons.
	1: Unable to determine number of words or word size in RAM. 
	2: No valid read/write found for RAM. 
RAM dissolved into registers
WARNING: [Synth 8-3848] Net rom in module/entity ROM does not have driver. [C:/george/carti/COMPUTER_ARCHITECTURE_NEXT/PE/3_ROM.sv:13]
WARNING: [Synth 8-3848] Net rom in module/entity ROM does not have driver. [C:/george/carti/COMPUTER_ARCHITECTURE_NEXT/PE/3_ROM.sv:13]
WARNING: [Synth 8-3848] Net rom in module/entity ROM does not have driver. [C:/george/carti/COMPUTER_ARCHITECTURE_NEXT/PE/3_ROM.sv:13]
WARNING: [Synth 8-3848] Net rom in module/entity ROM does not have driver. [C:/george/carti/COMPUTER_ARCHITECTURE_NEXT/PE/3_ROM.sv:13]
WARNING: [Synth 8-3848] Net rom in module/entity ROM does not have driver. [C:/george/carti/COMPUTER_ARCHITECTURE_NEXT/PE/3_ROM.sv:13]
WARNING: [Synth 8-3848] Net rom in module/entity ROM does not have driver. [C:/george/carti/COMPUTER_ARCHITECTURE_NEXT/PE/3_ROM.sv:13]
WARNING: [Synth 8-3848] Net rom in module/entity ROM does not have driver. [C:/george/carti/COMPUTER_ARCHITECTURE_NEXT/PE/3_ROM.sv:13]
WARNING: [Synth 8-3848] Net rom in module/entity ROM does not have driver. [C:/george/carti/COMPUTER_ARCHITECTURE_NEXT/PE/3_ROM.sv:13]
WARNING: [Synth 8-3848] Net rom in module/entity ROM does not have driver. [C:/george/carti/COMPUTER_ARCHITECTURE_NEXT/PE/3_ROM.sv:13]
WARNING: [Synth 8-3848] Net rom in module/entity ROM does not have driver. [C:/george/carti/COMPUTER_ARCHITECTURE_NEXT/PE/3_ROM.sv:13]
WARNING: [Synth 8-3848] Net rom in module/entity ROM does not have driver. [C:/george/carti/COMPUTER_ARCHITECTURE_NEXT/PE/3_ROM.sv:13]
WARNING: [Synth 8-3848] Net rom in module/entity ROM does not have driver. [C:/george/carti/COMPUTER_ARCHITECTURE_NEXT/PE/3_ROM.sv:13]
WARNING: [Synth 8-3848] Net rom in module/entity ROM does not have driver. [C:/george/carti/COMPUTER_ARCHITECTURE_NEXT/PE/3_ROM.sv:13]
WARNING: [Synth 8-3848] Net rom in module/entity ROM does not have driver. [C:/george/carti/COMPUTER_ARCHITECTURE_NEXT/PE/3_ROM.sv:13]
WARNING: [Synth 8-3848] Net rom in module/entity ROM does not have driver. [C:/george/carti/COMPUTER_ARCHITECTURE_NEXT/PE/3_ROM.sv:13]
WARNING: [Synth 8-3848] Net rom in module/entity ROM does not have driver. [C:/george/carti/COMPUTER_ARCHITECTURE_NEXT/PE/3_ROM.sv:13]
WARNING: [Synth 8-3848] Net rom in module/entity ROM does not have driver. [C:/george/carti/COMPUTER_ARCHITECTURE_NEXT/PE/3_ROM.sv:13]
WARNING: [Synth 8-3848] Net rom in module/entity ROM does not have driver. [C:/george/carti/COMPUTER_ARCHITECTURE_NEXT/PE/3_ROM.sv:13]
WARNING: [Synth 8-3848] Net rom in module/entity ROM does not have driver. [C:/george/carti/COMPUTER_ARCHITECTURE_NEXT/PE/3_ROM.sv:13]
WARNING: [Synth 8-3848] Net rom in module/entity ROM does not have driver. [C:/george/carti/COMPUTER_ARCHITECTURE_NEXT/PE/3_ROM.sv:13]
WARNING: [Synth 8-3848] Net rom in module/entity ROM does not have driver. [C:/george/carti/COMPUTER_ARCHITECTURE_NEXT/PE/3_ROM.sv:13]
WARNING: [Synth 8-3848] Net rom in module/entity ROM does not have driver. [C:/george/carti/COMPUTER_ARCHITECTURE_NEXT/PE/3_ROM.sv:13]
WARNING: [Synth 8-3848] Net rom in module/entity ROM does not have driver. [C:/george/carti/COMPUTER_ARCHITECTURE_NEXT/PE/3_ROM.sv:13]
WARNING: [Synth 8-3848] Net rom in module/entity ROM does not have driver. [C:/george/carti/COMPUTER_ARCHITECTURE_NEXT/PE/3_ROM.sv:13]
WARNING: [Synth 8-3848] Net rom in module/entity ROM does not have driver. [C:/george/carti/COMPUTER_ARCHITECTURE_NEXT/PE/3_ROM.sv:13]
WARNING: [Synth 8-3848] Net rom in module/entity ROM does not have driver. [C:/george/carti/COMPUTER_ARCHITECTURE_NEXT/PE/3_ROM.sv:13]
WARNING: [Synth 8-3848] Net rom in module/entity ROM does not have driver. [C:/george/carti/COMPUTER_ARCHITECTURE_NEXT/PE/3_ROM.sv:13]
WARNING: [Synth 8-3848] Net rom in module/entity ROM does not have driver. [C:/george/carti/COMPUTER_ARCHITECTURE_NEXT/PE/3_ROM.sv:13]
WARNING: [Synth 8-3848] Net rom in module/entity ROM does not have driver. [C:/george/carti/COMPUTER_ARCHITECTURE_NEXT/PE/3_ROM.sv:13]
WARNING: [Synth 8-3848] Net rom in module/entity ROM does not have driver. [C:/george/carti/COMPUTER_ARCHITECTURE_NEXT/PE/3_ROM.sv:13]
WARNING: [Synth 8-3848] Net rom in module/entity ROM does not have driver. [C:/george/carti/COMPUTER_ARCHITECTURE_NEXT/PE/3_ROM.sv:13]
WARNING: [Synth 8-3848] Net rom in module/entity ROM does not have driver. [C:/george/carti/COMPUTER_ARCHITECTURE_NEXT/PE/3_ROM.sv:13]
WARNING: [Synth 8-3848] Net rom in module/entity ROM does not have driver. [C:/george/carti/COMPUTER_ARCHITECTURE_NEXT/PE/3_ROM.sv:13]
WARNING: [Synth 8-3848] Net rom in module/entity ROM does not have driver. [C:/george/carti/COMPUTER_ARCHITECTURE_NEXT/PE/3_ROM.sv:13]
WARNING: [Synth 8-3848] Net rom in module/entity ROM does not have driver. [C:/george/carti/COMPUTER_ARCHITECTURE_NEXT/PE/3_ROM.sv:13]
WARNING: [Synth 8-3848] Net rom in module/entity ROM does not have driver. [C:/george/carti/COMPUTER_ARCHITECTURE_NEXT/PE/3_ROM.sv:13]
WARNING: [Synth 8-3848] Net rom in module/entity ROM does not have driver. [C:/george/carti/COMPUTER_ARCHITECTURE_NEXT/PE/3_ROM.sv:13]
WARNING: [Synth 8-3848] Net rom in module/entity ROM does not have driver. [C:/george/carti/COMPUTER_ARCHITECTURE_NEXT/PE/3_ROM.sv:13]
WARNING: [Synth 8-3848] Net rom in module/entity ROM does not have driver. [C:/george/carti/COMPUTER_ARCHITECTURE_NEXT/PE/3_ROM.sv:13]
WARNING: [Synth 8-3848] Net rom in module/entity ROM does not have driver. [C:/george/carti/COMPUTER_ARCHITECTURE_NEXT/PE/3_ROM.sv:13]
WARNING: [Synth 8-3848] Net rom in module/entity ROM does not have driver. [C:/george/carti/COMPUTER_ARCHITECTURE_NEXT/PE/3_ROM.sv:13]
WARNING: [Synth 8-3848] Net rom in module/entity ROM does not have driver. [C:/george/carti/COMPUTER_ARCHITECTURE_NEXT/PE/3_ROM.sv:13]
WARNING: [Synth 8-3848] Net rom in module/entity ROM does not have driver. [C:/george/carti/COMPUTER_ARCHITECTURE_NEXT/PE/3_ROM.sv:13]
WARNING: [Synth 8-3848] Net rom in module/entity ROM does not have driver. [C:/george/carti/COMPUTER_ARCHITECTURE_NEXT/PE/3_ROM.sv:13]
WARNING: [Synth 8-3848] Net rom in module/entity ROM does not have driver. [C:/george/carti/COMPUTER_ARCHITECTURE_NEXT/PE/3_ROM.sv:13]
WARNING: [Synth 8-3848] Net rom in module/entity ROM does not have driver. [C:/george/carti/COMPUTER_ARCHITECTURE_NEXT/PE/3_ROM.sv:13]
WARNING: [Synth 8-3848] Net rom in module/entity ROM does not have driver. [C:/george/carti/COMPUTER_ARCHITECTURE_NEXT/PE/3_ROM.sv:13]
WARNING: [Synth 8-3848] Net rom in module/entity ROM does not have driver. [C:/george/carti/COMPUTER_ARCHITECTURE_NEXT/PE/3_ROM.sv:13]
WARNING: [Synth 8-3848] Net rom in module/entity ROM does not have driver. [C:/george/carti/COMPUTER_ARCHITECTURE_NEXT/PE/3_ROM.sv:13]
WARNING: [Synth 8-3848] Net rom in module/entity ROM does not have driver. [C:/george/carti/COMPUTER_ARCHITECTURE_NEXT/PE/3_ROM.sv:13]
WARNING: [Synth 8-3848] Net rom in module/entity ROM does not have driver. [C:/george/carti/COMPUTER_ARCHITECTURE_NEXT/PE/3_ROM.sv:13]
WARNING: [Synth 8-3848] Net rom in module/entity ROM does not have driver. [C:/george/carti/COMPUTER_ARCHITECTURE_NEXT/PE/3_ROM.sv:13]
WARNING: [Synth 8-3848] Net rom in module/entity ROM does not have driver. [C:/george/carti/COMPUTER_ARCHITECTURE_NEXT/PE/3_ROM.sv:13]
WARNING: [Synth 8-3848] Net rom in module/entity ROM does not have driver. [C:/george/carti/COMPUTER_ARCHITECTURE_NEXT/PE/3_ROM.sv:13]
WARNING: [Synth 8-3848] Net rom in module/entity ROM does not have driver. [C:/george/carti/COMPUTER_ARCHITECTURE_NEXT/PE/3_ROM.sv:13]
WARNING: [Synth 8-3848] Net rom in module/entity ROM does not have driver. [C:/george/carti/COMPUTER_ARCHITECTURE_NEXT/PE/3_ROM.sv:13]
WARNING: [Synth 8-3848] Net rom in module/entity ROM does not have driver. [C:/george/carti/COMPUTER_ARCHITECTURE_NEXT/PE/3_ROM.sv:13]
WARNING: [Synth 8-3848] Net rom in module/entity ROM does not have driver. [C:/george/carti/COMPUTER_ARCHITECTURE_NEXT/PE/3_ROM.sv:13]
WARNING: [Synth 8-3848] Net rom in module/entity ROM does not have driver. [C:/george/carti/COMPUTER_ARCHITECTURE_NEXT/PE/3_ROM.sv:13]
WARNING: [Synth 8-3848] Net rom in module/entity ROM does not have driver. [C:/george/carti/COMPUTER_ARCHITECTURE_NEXT/PE/3_ROM.sv:13]
WARNING: [Synth 8-3848] Net rom in module/entity ROM does not have driver. [C:/george/carti/COMPUTER_ARCHITECTURE_NEXT/PE/3_ROM.sv:13]
WARNING: [Synth 8-3848] Net rom in module/entity ROM does not have driver. [C:/george/carti/COMPUTER_ARCHITECTURE_NEXT/PE/3_ROM.sv:13]
WARNING: [Synth 8-3848] Net rom in module/entity ROM does not have driver. [C:/george/carti/COMPUTER_ARCHITECTURE_NEXT/PE/3_ROM.sv:13]
WARNING: [Synth 8-3848] Net rom in module/entity ROM does not have driver. [C:/george/carti/COMPUTER_ARCHITECTURE_NEXT/PE/3_ROM.sv:13]
WARNING: [Synth 8-3848] Net rom in module/entity ROM does not have driver. [C:/george/carti/COMPUTER_ARCHITECTURE_NEXT/PE/3_ROM.sv:13]
WARNING: [Synth 8-3848] Net rom in module/entity ROM does not have driver. [C:/george/carti/COMPUTER_ARCHITECTURE_NEXT/PE/3_ROM.sv:13]
WARNING: [Synth 8-3848] Net rom in module/entity ROM does not have driver. [C:/george/carti/COMPUTER_ARCHITECTURE_NEXT/PE/3_ROM.sv:13]
WARNING: [Synth 8-3848] Net rom in module/entity ROM does not have driver. [C:/george/carti/COMPUTER_ARCHITECTURE_NEXT/PE/3_ROM.sv:13]
WARNING: [Synth 8-3848] Net rom in module/entity ROM does not have driver. [C:/george/carti/COMPUTER_ARCHITECTURE_NEXT/PE/3_ROM.sv:13]
WARNING: [Synth 8-3848] Net rom in module/entity ROM does not have driver. [C:/george/carti/COMPUTER_ARCHITECTURE_NEXT/PE/3_ROM.sv:13]
WARNING: [Synth 8-3848] Net rom in module/entity ROM does not have driver. [C:/george/carti/COMPUTER_ARCHITECTURE_NEXT/PE/3_ROM.sv:13]
WARNING: [Synth 8-3848] Net rom in module/entity ROM does not have driver. [C:/george/carti/COMPUTER_ARCHITECTURE_NEXT/PE/3_ROM.sv:13]
WARNING: [Synth 8-3848] Net rom in module/entity ROM does not have driver. [C:/george/carti/COMPUTER_ARCHITECTURE_NEXT/PE/3_ROM.sv:13]
WARNING: [Synth 8-3848] Net rom in module/entity ROM does not have driver. [C:/george/carti/COMPUTER_ARCHITECTURE_NEXT/PE/3_ROM.sv:13]
WARNING: [Synth 8-3848] Net rom in module/entity ROM does not have driver. [C:/george/carti/COMPUTER_ARCHITECTURE_NEXT/PE/3_ROM.sv:13]
WARNING: [Synth 8-3848] Net rom in module/entity ROM does not have driver. [C:/george/carti/COMPUTER_ARCHITECTURE_NEXT/PE/3_ROM.sv:13]
WARNING: [Synth 8-3848] Net rom in module/entity ROM does not have driver. [C:/george/carti/COMPUTER_ARCHITECTURE_NEXT/PE/3_ROM.sv:13]
WARNING: [Synth 8-3848] Net rom in module/entity ROM does not have driver. [C:/george/carti/COMPUTER_ARCHITECTURE_NEXT/PE/3_ROM.sv:13]
WARNING: [Synth 8-3848] Net rom in module/entity ROM does not have driver. [C:/george/carti/COMPUTER_ARCHITECTURE_NEXT/PE/3_ROM.sv:13]
WARNING: [Synth 8-3848] Net rom in module/entity ROM does not have driver. [C:/george/carti/COMPUTER_ARCHITECTURE_NEXT/PE/3_ROM.sv:13]
WARNING: [Synth 8-3848] Net rom in module/entity ROM does not have driver. [C:/george/carti/COMPUTER_ARCHITECTURE_NEXT/PE/3_ROM.sv:13]
WARNING: [Synth 8-3848] Net rom in module/entity ROM does not have driver. [C:/george/carti/COMPUTER_ARCHITECTURE_NEXT/PE/3_ROM.sv:13]
WARNING: [Synth 8-3848] Net rom in module/entity ROM does not have driver. [C:/george/carti/COMPUTER_ARCHITECTURE_NEXT/PE/3_ROM.sv:13]
WARNING: [Synth 8-3848] Net rom in module/entity ROM does not have driver. [C:/george/carti/COMPUTER_ARCHITECTURE_NEXT/PE/3_ROM.sv:13]
WARNING: [Synth 8-3848] Net rom in module/entity ROM does not have driver. [C:/george/carti/COMPUTER_ARCHITECTURE_NEXT/PE/3_ROM.sv:13]
WARNING: [Synth 8-3848] Net rom in module/entity ROM does not have driver. [C:/george/carti/COMPUTER_ARCHITECTURE_NEXT/PE/3_ROM.sv:13]
WARNING: [Synth 8-3848] Net rom in module/entity ROM does not have driver. [C:/george/carti/COMPUTER_ARCHITECTURE_NEXT/PE/3_ROM.sv:13]
WARNING: [Synth 8-3848] Net rom in module/entity ROM does not have driver. [C:/george/carti/COMPUTER_ARCHITECTURE_NEXT/PE/3_ROM.sv:13]
WARNING: [Synth 8-3848] Net rom in module/entity ROM does not have driver. [C:/george/carti/COMPUTER_ARCHITECTURE_NEXT/PE/3_ROM.sv:13]
WARNING: [Synth 8-3848] Net rom in module/entity ROM does not have driver. [C:/george/carti/COMPUTER_ARCHITECTURE_NEXT/PE/3_ROM.sv:13]
WARNING: [Synth 8-3848] Net rom in module/entity ROM does not have driver. [C:/george/carti/COMPUTER_ARCHITECTURE_NEXT/PE/3_ROM.sv:13]
WARNING: [Synth 8-3848] Net rom in module/entity ROM does not have driver. [C:/george/carti/COMPUTER_ARCHITECTURE_NEXT/PE/3_ROM.sv:13]
WARNING: [Synth 8-3848] Net rom in module/entity ROM does not have driver. [C:/george/carti/COMPUTER_ARCHITECTURE_NEXT/PE/3_ROM.sv:13]
WARNING: [Synth 8-3848] Net rom in module/entity ROM does not have driver. [C:/george/carti/COMPUTER_ARCHITECTURE_NEXT/PE/3_ROM.sv:13]
WARNING: [Synth 8-3848] Net rom in module/entity ROM does not have driver. [C:/george/carti/COMPUTER_ARCHITECTURE_NEXT/PE/3_ROM.sv:13]
WARNING: [Synth 8-3848] Net rom in module/entity ROM does not have driver. [C:/george/carti/COMPUTER_ARCHITECTURE_NEXT/PE/3_ROM.sv:13]
WARNING: [Synth 8-3848] Net rom in module/entity ROM does not have driver. [C:/george/carti/COMPUTER_ARCHITECTURE_NEXT/PE/3_ROM.sv:13]
WARNING: [Synth 8-3848] Net rom in module/entity ROM does not have driver. [C:/george/carti/COMPUTER_ARCHITECTURE_NEXT/PE/3_ROM.sv:13]
WARNING: [Synth 8-3848] Net rom in module/entity ROM does not have driver. [C:/george/carti/COMPUTER_ARCHITECTURE_NEXT/PE/3_ROM.sv:13]
WARNING: [Synth 8-3848] Net rom in module/entity ROM does not have driver. [C:/george/carti/COMPUTER_ARCHITECTURE_NEXT/PE/3_ROM.sv:13]
INFO: [Common 17-14] Message 'Synth 8-3848' appears 100 times and further instances of the messages will be disabled. Use the Tcl command set_msg_config to change the current settings.
WARNING: [Synth 8-7129] Port Read in module CROM is either unconnected or has no load
WARNING: [Synth 8-7129] Port Write in module CROM is either unconnected or has no load
WARNING: [Synth 8-7129] Port Ready in module CROM is either unconnected or has no load
WARNING: [Synth 8-7129] Port Wait in module CROM is either unconnected or has no load
---------------------------------------------------------------------------------
Finished Synthesize : Time (s): cpu = 00:00:09 ; elapsed = 00:00:10 . Memory (MB): peak = 982.441 ; gain = 510.250
---------------------------------------------------------------------------------
---------------------------------------------------------------------------------
Finished Constraint Validation : Time (s): cpu = 00:00:10 ; elapsed = 00:00:10 . Memory (MB): peak = 982.441 ; gain = 510.250
---------------------------------------------------------------------------------
---------------------------------------------------------------------------------
Start Loading Part and Timing Information
---------------------------------------------------------------------------------
Loading part: xc7a50tiftg256-1L
---------------------------------------------------------------------------------
INFO: [Device 21-403] Loading part xc7a50tiftg256-1L
Finished Loading Part and Timing Information : Time (s): cpu = 00:00:10 ; elapsed = 00:00:11 . Memory (MB): peak = 982.441 ; gain = 510.250
---------------------------------------------------------------------------------
---------------------------------------------------------------------------------
Finished RTL Optimization Phase 2 : Time (s): cpu = 00:00:11 ; elapsed = 00:00:11 . Memory (MB): peak = 982.441 ; gain = 510.250
---------------------------------------------------------------------------------
No constraint files found.
---------------------------------------------------------------------------------
Start RTL Component Statistics 
---------------------------------------------------------------------------------
Detailed RTL Component Info : 
+---Adders : 
	   3 Input   33 Bit       Adders := 1     
	   4 Input   33 Bit       Adders := 1     
	   2 Input    8 Bit       Adders := 1     
+---XORs : 
	   2 Input     32 Bit         XORs := 1     
+---Registers : 
	                8 Bit    Registers := 1     
+---Multipliers : 
	              32x32  Multipliers := 1     
+---Muxes : 
	   2 Input   32 Bit        Muxes := 1     
	   3 Input    8 Bit        Muxes := 1     
	   3 Input    2 Bit        Muxes := 1     
---------------------------------------------------------------------------------
Finished RTL Component Statistics 
---------------------------------------------------------------------------------
---------------------------------------------------------------------------------
Start Part Resource Summary
---------------------------------------------------------------------------------
Part Resources:
DSPs: 120 (col length:60)
BRAMs: 150 (col length: RAMB18 60 RAMB36 30)
---------------------------------------------------------------------------------
Finished Part Resource Summary
---------------------------------------------------------------------------------
No constraint files found.
---------------------------------------------------------------------------------
Start Cross Boundary and Area Optimization
---------------------------------------------------------------------------------
WARNING: [Synth 8-7080] Parallel synthesis criteria is not met
DSP Report: Generating DSP epRALU/alu/out0, operation Mode is: A*B.
DSP Report: operator epRALU/alu/out0 is absorbed into DSP epRALU/alu/out0.
DSP Report: operator epRALU/alu/out0 is absorbed into DSP epRALU/alu/out0.
DSP Report: Generating DSP epRALU/alu/out0, operation Mode is: (PCIN>>17)+A*B.
DSP Report: operator epRALU/alu/out0 is absorbed into DSP epRALU/alu/out0.
DSP Report: operator epRALU/alu/out0 is absorbed into DSP epRALU/alu/out0.
DSP Report: Generating DSP epRALU/alu/out0, operation Mode is: A*B.
DSP Report: operator epRALU/alu/out0 is absorbed into DSP epRALU/alu/out0.
DSP Report: operator epRALU/alu/out0 is absorbed into DSP epRALU/alu/out0.
DSP Report: Generating DSP epRALU/alu/out0, operation Mode is: (PCIN>>17)+A*B.
DSP Report: operator epRALU/alu/out0 is absorbed into DSP epRALU/alu/out0.
DSP Report: operator epRALU/alu/out0 is absorbed into DSP epRALU/alu/out0.
WARNING: [Synth 8-7129] Port Read in module elementaryProcessor is either unconnected or has no load
WARNING: [Synth 8-7129] Port Write in module elementaryProcessor is either unconnected or has no load
WARNING: [Synth 8-7129] Port Ready in module elementaryProcessor is either unconnected or has no load
WARNING: [Synth 8-7129] Port Wait in module elementaryProcessor is either unconnected or has no load
---------------------------------------------------------------------------------
Finished Cross Boundary and Area Optimization : Time (s): cpu = 00:00:19 ; elapsed = 00:00:31 . Memory (MB): peak = 1173.105 ; gain = 700.914
---------------------------------------------------------------------------------
---------------------------------------------------------------------------------
Start ROM, RAM, DSP, Shift Register and Retiming Reporting
---------------------------------------------------------------------------------

DSP: Preliminary Mapping Report (see note below. The ' indicates corresponding REG is set)
+--------------------+----------------+--------+--------+--------+--------+--------+------+------+------+------+-------+------+------+
|Module Name         | DSP Mapping    | A Size | B Size | C Size | D Size | P Size | AREG | BREG | CREG | DREG | ADREG | MREG | PREG | 
+--------------------+----------------+--------+--------+--------+--------+--------+------+------+------+------+-------+------+------+
|elementaryProcessor | A*B            | 18     | 16     | -      | -      | 48     | 0    | 0    | -    | -    | -     | 0    | 0    | 
|elementaryProcessor | (PCIN>>17)+A*B | 16     | 16     | -      | -      | 48     | 0    | 0    | -    | -    | -     | 0    | 0    | 
|elementaryProcessor | A*B            | 18     | 18     | -      | -      | 48     | 0    | 0    | -    | -    | -     | 0    | 0    | 
|elementaryProcessor | (PCIN>>17)+A*B | 18     | 16     | -      | -      | 48     | 0    | 0    | -    | -    | -     | 0    | 0    | 
+--------------------+----------------+--------+--------+--------+--------+--------+------+------+------+------+-------+------+------+

Note: The table above is a preliminary report that shows the DSPs inferred at the current stage of the synthesis flow. Some DSP may be reimplemented as non DSP primitives later in the synthesis flow. Multiple instantiated DSPs are reported only once.
---------------------------------------------------------------------------------
Finished ROM, RAM, DSP, Shift Register and Retiming Reporting
---------------------------------------------------------------------------------
No constraint files found.
---------------------------------------------------------------------------------
Start Timing Optimization
---------------------------------------------------------------------------------
---------------------------------------------------------------------------------
Finished Timing Optimization : Time (s): cpu = 00:00:19 ; elapsed = 00:00:31 . Memory (MB): peak = 1176.523 ; gain = 704.332
---------------------------------------------------------------------------------
---------------------------------------------------------------------------------
Start Technology Mapping
---------------------------------------------------------------------------------
---------------------------------------------------------------------------------
Finished Technology Mapping : Time (s): cpu = 00:00:19 ; elapsed = 00:00:31 . Memory (MB): peak = 1176.523 ; gain = 704.332
---------------------------------------------------------------------------------
---------------------------------------------------------------------------------
Start IO Insertion
---------------------------------------------------------------------------------
---------------------------------------------------------------------------------
Start Flattening Before IO Insertion
---------------------------------------------------------------------------------
---------------------------------------------------------------------------------
Finished Flattening Before IO Insertion
---------------------------------------------------------------------------------
---------------------------------------------------------------------------------
Start Final Netlist Cleanup
---------------------------------------------------------------------------------
---------------------------------------------------------------------------------
Finished Final Netlist Cleanup
---------------------------------------------------------------------------------
---------------------------------------------------------------------------------
Finished IO Insertion : Time (s): cpu = 00:00:25 ; elapsed = 00:00:37 . Memory (MB): peak = 1177.551 ; gain = 705.359
---------------------------------------------------------------------------------
---------------------------------------------------------------------------------
Start Renaming Generated Instances
---------------------------------------------------------------------------------
---------------------------------------------------------------------------------
Finished Renaming Generated Instances : Time (s): cpu = 00:00:25 ; elapsed = 00:00:37 . Memory (MB): peak = 1177.551 ; gain = 705.359
---------------------------------------------------------------------------------
---------------------------------------------------------------------------------
Start Rebuilding User Hierarchy
---------------------------------------------------------------------------------
---------------------------------------------------------------------------------
Finished Rebuilding User Hierarchy : Time (s): cpu = 00:00:25 ; elapsed = 00:00:37 . Memory (MB): peak = 1177.551 ; gain = 705.359
---------------------------------------------------------------------------------
---------------------------------------------------------------------------------
Start Renaming Generated Ports
---------------------------------------------------------------------------------
---------------------------------------------------------------------------------
Finished Renaming Generated Ports : Time (s): cpu = 00:00:25 ; elapsed = 00:00:37 . Memory (MB): peak = 1177.551 ; gain = 705.359
---------------------------------------------------------------------------------
---------------------------------------------------------------------------------
Start Handling Custom Attributes
---------------------------------------------------------------------------------
---------------------------------------------------------------------------------
Finished Handling Custom Attributes : Time (s): cpu = 00:00:25 ; elapsed = 00:00:37 . Memory (MB): peak = 1177.551 ; gain = 705.359
---------------------------------------------------------------------------------
---------------------------------------------------------------------------------
Start Renaming Generated Nets
---------------------------------------------------------------------------------
---------------------------------------------------------------------------------
Finished Renaming Generated Nets : Time (s): cpu = 00:00:25 ; elapsed = 00:00:37 . Memory (MB): peak = 1177.551 ; gain = 705.359
---------------------------------------------------------------------------------
---------------------------------------------------------------------------------
Start Writing Synthesis Report
---------------------------------------------------------------------------------

Report BlackBoxes: 
+------+--------------+----------+
|      |BlackBox name |Instances |
+------+--------------+----------+
|1     |regFile       |         1|
+------+--------------+----------+

Report Cell Usage: 
+------+--------+------+
|      |Cell    |Count |
+------+--------+------+
|1     |regFile |     1|
|2     |IBUF    |     1|
|3     |OBUF    |    32|
|4     |OBUFT   |     2|
+------+--------+------+

Report Instance Areas: 
+------+---------+-------+------+
|      |Instance |Module |Cells |
+------+---------+-------+------+
|1     |top      |       |    99|
|2     |  epRALU |RALU   |    64|
+------+---------+-------+------+
---------------------------------------------------------------------------------
Finished Writing Synthesis Report : Time (s): cpu = 00:00:25 ; elapsed = 00:00:37 . Memory (MB): peak = 1177.551 ; gain = 705.359
---------------------------------------------------------------------------------
Synthesis finished with 0 errors, 0 critical warnings and 269 warnings.
Synthesis Optimization Runtime : Time (s): cpu = 00:00:25 ; elapsed = 00:00:37 . Memory (MB): peak = 1177.551 ; gain = 705.359
Synthesis Optimization Complete : Time (s): cpu = 00:00:25 ; elapsed = 00:00:37 . Memory (MB): peak = 1177.551 ; gain = 705.359
INFO: [Project 1-571] Translating synthesized netlist
Netlist sorting complete. Time (s): cpu = 00:00:00 ; elapsed = 00:00:00.002 . Memory (MB): peak = 1189.672 ; gain = 0.000
INFO: [Project 1-570] Preparing netlist for logic optimization
INFO: [Opt 31-138] Pushed 0 inverter(s) to 0 load pin(s).
Netlist sorting complete. Time (s): cpu = 00:00:00 ; elapsed = 00:00:00 . Memory (MB): peak = 1274.434 ; gain = 0.000
INFO: [Project 1-111] Unisim Transformation Summary:
No Unisim elements were transformed.

Synth Design complete | Checksum: 6a198fb8
INFO: [Common 17-83] Releasing license: Synthesis
23 Infos, 111 Warnings, 0 Critical Warnings and 0 Errors encountered.
synth_design completed successfully
synth_design: Time (s): cpu = 00:00:27 ; elapsed = 00:00:41 . Memory (MB): peak = 1274.434 ; gain = 826.121
INFO: [Common 17-1381] The checkpoint 'C:/george/carti/COMPUTER_ARCHITECTURE_NEXT/PE/sim/PEproject/PEproject.runs/synth_1/elementaryProcessor.dcp' has been generated.
INFO: [runtcl-4] Executing : report_utilization -file elementaryProcessor_utilization_synth.rpt -pb elementaryProcessor_utilization_synth.pb
INFO: [Common 17-206] Exiting Vivado at Thu Jan 23 13:24:46 2025...
